opencamera/build/outputs/logs/manifest-merger-debug-report.txt
-- Merging decision tree log ---
manifest
ADDED from src\main\AndroidManifest.xml:2:1-103:12
INJECTED from src\main\AndroidManifest.xml:2:1-103:12
INJECTED from src\main\AndroidManifest.xml:2:1-103:12
	package
		ADDED from src\main\AndroidManifest.xml:3:5-41
		INJECTED from src\main\AndroidManifest.xml
		INJECTED from src\main\AndroidManifest.xml
	xmlns:android
		ADDED from src\main\AndroidManifest.xml:2:11-69
supports-screens
ADDED from src\main\AndroidManifest.xml:5:5-10:40
	android:largeScreens
		ADDED from src\main\AndroidManifest.xml:7:9-36
	android:smallScreens
		ADDED from src\main\AndroidManifest.xml:9:9-36
	android:normalScreens
		ADDED from src\main\AndroidManifest.xml:8:9-37
	android:xlargeScreens
		ADDED from src\main\AndroidManifest.xml:10:9-37
	android:anyDensity
		ADDED from src\main\AndroidManifest.xml:6:9-34
uses-permission#android.permission.WRITE_EXTERNAL_STORAGE
ADDED from src\main\AndroidManifest.xml:12:5-81
	android:name
		ADDED from src\main\AndroidManifest.xml:12:22-78
uses-permission#android.permission.CAMERA
ADDED from src\main\AndroidManifest.xml:13:5-65
	android:name
		ADDED from src\main\AndroidManifest.xml:13:22-62
uses-permission#android.permission.RECORD_AUDIO
ADDED from src\main\AndroidManifest.xml:14:5-71
	android:name
		ADDED from src\main\AndroidManifest.xml:14:22-68
uses-permission#android.permission.ACCESS_FINE_LOCATION
ADDED from src\main\AndroidManifest.xml:15:5-79
	android:name
		ADDED from src\main\AndroidManifest.xml:15:22-76
uses-feature#android.hardware.camera
ADDED from src\main\AndroidManifest.xml:17:5-60
	android:name
		ADDED from src\main\AndroidManifest.xml:17:19-57
uses-feature#android.hardware.microphone
ADDED from src\main\AndroidManifest.xml:18:5-64
	android:name
		ADDED from src\main\AndroidManifest.xml:18:19-61
application
ADDED from src\main\AndroidManifest.xml:20:5-102:19
	android:label
		ADDED from src\main\AndroidManifest.xml:24:9-41
	android:largeHeap
		ADDED from src\main\AndroidManifest.xml:25:9-33
	android:icon
		ADDED from src\main\AndroidManifest.xml:23:9-43
	android:allowBackup
		ADDED from src\main\AndroidManifest.xml:22:9-35
	android:theme
		ADDED from src\main\AndroidManifest.xml:26:9-40
	android:name
		ADDED from src\main\AndroidManifest.xml:21:9-46
activity#net.sourceforge.opencamera.MainActivity
ADDED from src\main\AndroidManifest.xml:28:9-35:20
	android:screenOrientation
		ADDED from src\main\AndroidManifest.xml:33:13-50
	android:clearTaskOnLaunch
		ADDED from src\main\AndroidManifest.xml:30:13-45
	android:label
		ADDED from src\main\AndroidManifest.xml:32:13-45
	android:configChanges
		ADDED from src\main\AndroidManifest.xml:31:13-74
	android:name
		ADDED from src\main\AndroidManifest.xml:29:13-67
activity#net.sourceforge.opencamera.TakePhoto
ADDED from src\main\AndroidManifest.xml:37:9-44:48
	android:screenOrientation
		ADDED from src\main\AndroidManifest.xml:43:13-50
	android:label
		ADDED from src\main\AndroidManifest.xml:42:13-47
	android:excludeFromRecents
		ADDED from src\main\AndroidManifest.xml:40:13-46
	android:configChanges
		ADDED from src\main\AndroidManifest.xml:39:13-74
	android:icon
		ADDED from src\main\AndroidManifest.xml:41:13-60
	android:taskAffinity
		ADDED from src\main\AndroidManifest.xml:44:13-36
	android:name
		ADDED from src\main\AndroidManifest.xml:38:13-37
receiver#net.sourceforge.opencamera.MyWidgetProvider
ADDED from src\main\AndroidManifest.xml:46:9-59:20
	android:label
		ADDED from src\main\AndroidManifest.xml:49:13-45
	android:icon
		ADDED from src\main\AndroidManifest.xml:48:13-47
	android:name
		ADDED from src\main\AndroidManifest.xml:47:13-44
intent-filter#action:name:android.appwidget.action.APPWIDGET_UPDATE
ADDED from src\main\AndroidManifest.xml:50:13-52:29
action#android.appwidget.action.APPWIDGET_UPDATE
ADDED from src\main\AndroidManifest.xml:51:17-84
	android:name
		ADDED from src\main\AndroidManifest.xml:51:25-81
meta-data#android.appwidget.provider
ADDED from src\main\AndroidManifest.xml:56:13-58:55
	android:resource
		ADDED from src\main\AndroidManifest.xml:58:17-52
	android:name
		ADDED from src\main\AndroidManifest.xml:57:17-58
receiver#net.sourceforge.opencamera.MyWidgetProviderTakePhoto
ADDED from src\main\AndroidManifest.xml:61:9-71:20
	android:label
		ADDED from src\main\AndroidManifest.xml:64:13-47
	android:icon
		ADDED from src\main\AndroidManifest.xml:63:13-60
	android:name
		ADDED from src\main\AndroidManifest.xml:62:13-53
service#net.sourceforge.opencamera.MyTileService
ADDED from src\main\AndroidManifest.xml:73:9-81:19
	android:label
		ADDED from src\main\AndroidManifest.xml:76:13-43
	android:permission
		ADDED from src\main\AndroidManifest.xml:77:13-77
	android:icon
		ADDED from src\main\AndroidManifest.xml:75:13-64
	android:name
		ADDED from src\main\AndroidManifest.xml:74:13-68
intent-filter#action:name:android.service.quicksettings.action.QS_TILE
ADDED from src\main\AndroidManifest.xml:78:13-80:29
action#android.service.quicksettings.action.QS_TILE
ADDED from src\main\AndroidManifest.xml:79:17-87
	android:name
		ADDED from src\main\AndroidManifest.xml:79:25-84
service#net.sourceforge.opencamera.MyTileServiceVideo
ADDED from src\main\AndroidManifest.xml:83:9-91:19
	android:label
		ADDED from src\main\AndroidManifest.xml:86:13-49
	android:permission
		ADDED from src\main\AndroidManifest.xml:87:13-77
	android:icon
		ADDED from src\main\AndroidManifest.xml:85:13-60
	android:name
		ADDED from src\main\AndroidManifest.xml:84:13-73
service#net.sourceforge.opencamera.MyTileServiceFrontCamera
ADDED from src\main\AndroidManifest.xml:93:9-101:19
	android:label
		ADDED from src\main\AndroidManifest.xml:96:13-43
	android:permission
		ADDED from src\main\AndroidManifest.xml:97:13-77
	android:icon
		ADDED from src\main\AndroidManifest.xml:95:13-56
	android:name
		ADDED from src\main\AndroidManifest.xml:94:13-79
uses-sdk
INJECTED from src\main\AndroidManifest.xml reason: use-sdk injection requested
INJECTED from src\main\AndroidManifest.xml
INJECTED from src\main\AndroidManifest.xml
INJECTED from src\main\AndroidManifest.xml
INJECTED from src\main\AndroidManifest.xml
	android:targetSdkVersion
		INJECTED from src\main\AndroidManifest.xml
		ADDED from src\main\AndroidManifest.xml
		INJECTED from src\main\AndroidManifest.xml
	android:minSdkVersion
		INJECTED from src\main\AndroidManifest.xml
		ADDED from src\main\AndroidManifest.xml
		INJECTED from src\main\AndroidManifest.xml